#
# There is insufficient memory for the Java Runtime Environment to continue.
# Native memory allocation (mmap) failed to map 65536 bytes for Failed to commit metaspace.
# Possible reasons:
#   The system is out of physical RAM or swap space
#   The process is running with CompressedOops enabled, and the Java Heap may be blocking the growth of the native heap
# Possible solutions:
#   Reduce memory load on the system
#   Increase physical memory or swap space
#   Check if swap backing store is full
#   Decrease Java heap size (-Xmx/-Xms)
#   Decrease number of Java threads
#   Decrease Java thread stack sizes (-Xss)
#   Set larger code cache with -XX:ReservedCodeCacheSize=
#   JVM is running with Unscaled Compressed Oops mode in which the Java heap is
#     placed in the first 4GB address space. The Java Heap base address is the
#     maximum limit for the native heap growth. Please use -XX:HeapBaseMinAddress
#     to set the Java Heap base and to place the Java Heap above 4GB virtual address.
# This output file may be truncated or incomplete.
#
#  Out of Memory Error (virtualSpaceNode.cpp:110), pid=26368, tid=28752
#
# JRE version: OpenJDK Runtime Environment Temurin-17.0.9+9 (17.0.9+9) (build 17.0.9+9)
# Java VM: OpenJDK 64-Bit Server VM Temurin-17.0.9+9 (17.0.9+9, mixed mode, emulated-client, tiered, compressed oops, compressed class ptrs, g1 gc, windows-amd64)
# No core dump will be written. Minidumps are not enabled by default on client versions of Windows
#

---------------  S U M M A R Y ------------

Command Line: -Dcom.sun.management.jmxremote -Dcom.sun.management.jmxremote.port=59489 -Dcom.sun.management.jmxremote.authenticate=false -Dcom.sun.management.jmxremote.ssl=false -Djava.rmi.server.hostname=localhost -Dspring.jmx.enabled=true -Dmanagement.endpoints.jmx.exposure.include=* -Dspring.application.admin.enabled=true -XX:TieredStopAtLevel=1 -Dspring.boot.project.name=movie-service -Dfile.encoding=UTF-8 -Dstdout.encoding=UTF-8 -Dstderr.encoding=UTF-8 -XX:+ShowCodeDetailsInExceptionMessages com.example.MovieServiceApplication --spring.output.ansi.enabled=always

Host: 11th Gen Intel(R) Core(TM) i5-1135G7 @ 2.40GHz, 8 cores, 7G,  Windows 11 , 64 bit Build 22621 (10.0.22621.3958)
Time: Sun Sep  8 17:06:50 2024 India Standard Time elapsed time: 1.167987 seconds (0d 0h 0m 1s)

---------------  T H R E A D  ---------------

Current thread (0x000001ecdd2555c0):  JavaThread "main" [_thread_in_vm, id=28752, stack(0x0000008e6ad00000,0x0000008e6ae00000)]

Stack: [0x0000008e6ad00000,0x0000008e6ae00000]
Native frames: (J=compiled Java code, j=interpreted, Vv=VM code, C=native code)
V  [jvm.dll+0x67cf49]
V  [jvm.dll+0x83478a]
V  [jvm.dll+0x83624e]
V  [jvm.dll+0x8368b3]
V  [jvm.dll+0x247f1f]
V  [jvm.dll+0x83044b]
V  [jvm.dll+0x621776]
V  [jvm.dll+0x1c1fee]
V  [jvm.dll+0x6240d1]
V  [jvm.dll+0x622116]
V  [jvm.dll+0x62c007]
V  [jvm.dll+0x1ebfdb]
V  [jvm.dll+0x1ec515]
V  [jvm.dll+0x1ecfd0]
V  [jvm.dll+0x1e23d1]
V  [jvm.dll+0x54305e]
V  [jvm.dll+0x7ae778]
V  [jvm.dll+0x7ae864]
V  [jvm.dll+0x411165]
V  [jvm.dll+0x4172e9]
C  [java.dll+0x17ec]

Java frames: (J=compiled Java code, j=interpreted, Vv=VM code)
j  java.lang.ClassLoader.defineClass1(Ljava/lang/ClassLoader;Ljava/lang/String;[BIILjava/security/ProtectionDomain;Ljava/lang/String;)Ljava/lang/Class;+0 java.base@17.0.9
j  java.lang.ClassLoader.defineClass(Ljava/lang/String;[BIILjava/security/ProtectionDomain;)Ljava/lang/Class;+27 java.base@17.0.9
j  java.security.SecureClassLoader.defineClass(Ljava/lang/String;[BIILjava/security/CodeSource;)Ljava/lang/Class;+12 java.base@17.0.9
j  jdk.internal.loader.BuiltinClassLoader.defineClass(Ljava/lang/String;Ljdk/internal/loader/Resource;)Ljava/lang/Class;+117 java.base@17.0.9
j  jdk.internal.loader.BuiltinClassLoader.findClassOnClassPathOrNull(Ljava/lang/String;)Ljava/lang/Class;+37 java.base@17.0.9
j  jdk.internal.loader.BuiltinClassLoader.loadClassOrNull(Ljava/lang/String;Z)Ljava/lang/Class;+111 java.base@17.0.9
j  jdk.internal.loader.BuiltinClassLoader.loadClass(Ljava/lang/String;Z)Ljava/lang/Class;+3 java.base@17.0.9
j  jdk.internal.loader.ClassLoaders$AppClassLoader.loadClass(Ljava/lang/String;Z)Ljava/lang/Class;+36 java.base@17.0.9
j  java.lang.ClassLoader.loadClass(Ljava/lang/String;)Ljava/lang/Class;+3 java.base@17.0.9
v  ~StubRoutines::call_stub
j  ch.qos.logback.classic.LoggerContext.<init>()V+76
j  ch.qos.logback.classic.spi.LogbackServiceProvider.initialize()V+5
j  org.slf4j.LoggerFactory.bind()V+37
j  org.slf4j.LoggerFactory.performInitialization()V+0
j  org.slf4j.LoggerFactory.getProvider()Lorg/slf4j/spi/SLF4JServiceProvider;+21
j  org.slf4j.LoggerFactory.getILoggerFactory()Lorg/slf4j/ILoggerFactory;+0
j  org.slf4j.LoggerFactory.getLogger(Ljava/lang/String;)Lorg/slf4j/Logger;+0
j  org.apache.commons.logging.LogAdapter$Slf4jAdapter.createLocationAwareLog(Ljava/lang/String;)Lorg/apache/commons/logging/Log;+1
j  org.apache.commons.logging.LogAdapter$$Lambda$121+0x000000010014ea70.apply(Ljava/lang/Object;)Ljava/lang/Object;+4
j  org.apache.commons.logging.LogAdapter.createLog(Ljava/lang/String;)Lorg/apache/commons/logging/Log;+4
j  org.apache.commons.logging.LogFactory.getLog(Ljava/lang/String;)Lorg/apache/commons/logging/Log;+1
j  org.apache.commons.logging.LogFactory.getLog(Ljava/lang/Class;)Lorg/apache/commons/logging/Log;+4
j  org.springframework.boot.SpringApplication.<clinit>()V+2
v  ~StubRoutines::call_stub
j  com.example.MovieServiceApplication.main([Ljava/lang/String;)V+3
v  ~StubRoutines::call_stub

---------------  P R O C E S S  ---------------

Threads class SMR info:
_java_thread_list=0x000001ecefbfd160, length=19, elements={
0x000001ecdd2555c0, 0x000001eceae8ea80, 0x000001ecef052550, 0x000001ecef094000,
0x000001ecef0948d0, 0x000001ecef095cb0, 0x000001ecef096670, 0x000001ecef0a1100,
0x000001ecef0a75f0, 0x000001ecef12d3a0, 0x000001ecef294d90, 0x000001ecef3117f0,
0x000001ecefb6b810, 0x000001ecefb65ff0, 0x000001ecefad9e10, 0x000001ecefb641f0,
0x000001ecefbdc570, 0x000001ecefbce160, 0x000001eceff59000
}

Java Threads: ( => current thread )
=>0x000001ecdd2555c0 JavaThread "main" [_thread_in_vm, id=28752, stack(0x0000008e6ad00000,0x0000008e6ae00000)]
  0x000001eceae8ea80 JavaThread "Reference Handler" daemon [_thread_blocked, id=24376, stack(0x0000008e6b400000,0x0000008e6b500000)]
  0x000001ecef052550 JavaThread "Finalizer" daemon [_thread_blocked, id=26572, stack(0x0000008e6b500000,0x0000008e6b600000)]
  0x000001ecef094000 JavaThread "Signal Dispatcher" daemon [_thread_blocked, id=22872, stack(0x0000008e6b600000,0x0000008e6b700000)]
  0x000001ecef0948d0 JavaThread "Attach Listener" daemon [_thread_blocked, id=25680, stack(0x0000008e6b700000,0x0000008e6b800000)]
  0x000001ecef095cb0 JavaThread "Service Thread" daemon [_thread_blocked, id=26008, stack(0x0000008e6b800000,0x0000008e6b900000)]
  0x000001ecef096670 JavaThread "Monitor Deflation Thread" daemon [_thread_blocked, id=26888, stack(0x0000008e6b900000,0x0000008e6ba00000)]
  0x000001ecef0a1100 JavaThread "C1 CompilerThread0" daemon [_thread_blocked, id=17480, stack(0x0000008e6ba00000,0x0000008e6bb00000)]
  0x000001ecef0a75f0 JavaThread "Sweeper thread" daemon [_thread_blocked, id=1180, stack(0x0000008e6bb00000,0x0000008e6bc00000)]
  0x000001ecef12d3a0 JavaThread "Common-Cleaner" daemon [_thread_blocked, id=16888, stack(0x0000008e6bc00000,0x0000008e6bd00000)]
  0x000001ecef294d90 JavaThread "C1 CompilerThread1" daemon [_thread_blocked, id=19516, stack(0x0000008e6bd00000,0x0000008e6be00000)]
  0x000001ecef3117f0 JavaThread "Notification Thread" daemon [_thread_blocked, id=25828, stack(0x0000008e6be00000,0x0000008e6bf00000)]
  0x000001ecefb6b810 JavaThread "RMI TCP Accept-0" daemon [_thread_in_native, id=26084, stack(0x0000008e6bf00000,0x0000008e6c000000)]
  0x000001ecefb65ff0 JavaThread "RMI TCP Accept-59489" daemon [_thread_in_native, id=1128, stack(0x0000008e6c000000,0x0000008e6c100000)]
  0x000001ecefad9e10 JavaThread "RMI TCP Connection(1)-127.0.0.1" daemon [_thread_in_native, id=13976, stack(0x0000008e6c100000,0x0000008e6c200000)]
  0x000001ecefb641f0 JavaThread "RMI TCP Accept-0" daemon [_thread_in_native, id=3788, stack(0x0000008e6c200000,0x0000008e6c300000)]
  0x000001ecefbdc570 JavaThread "RMI Scheduler(0)" daemon [_thread_blocked, id=13512, stack(0x0000008e6c400000,0x0000008e6c500000)]
  0x000001ecefbce160 JavaThread "RMI TCP Connection(2)-127.0.0.1" daemon [_thread_in_native, id=12628, stack(0x0000008e6c500000,0x0000008e6c600000)]
  0x000001eceff59000 JavaThread "JMX server connection timeout 22" daemon [_thread_blocked, id=16796, stack(0x0000008e6c600000,0x0000008e6c700000)]

Other Threads:
  0x000001eceae8d450 VMThread "VM Thread" [stack: 0x0000008e6b300000,0x0000008e6b400000] [id=488]
  0x000001ecefaec650 WatcherThread [stack: 0x0000008e6c300000,0x0000008e6c400000] [id=4520]
  0x000001ecdd2b1a60 GCTaskThread "GC Thread#0" [stack: 0x0000008e6ae00000,0x0000008e6af00000] [id=11060]
  0x000001ecdd2c2130 ConcurrentGCThread "G1 Main Marker" [stack: 0x0000008e6af00000,0x0000008e6b000000] [id=12020]
  0x000001ecdd2c2b50 ConcurrentGCThread "G1 Conc#0" [stack: 0x0000008e6b000000,0x0000008e6b100000] [id=27704]
  0x000001ecead1ed30 ConcurrentGCThread "G1 Refine#0" [stack: 0x0000008e6b100000,0x0000008e6b200000] [id=28728]
  0x000001ecead20580 ConcurrentGCThread "G1 Service" [stack: 0x0000008e6b200000,0x0000008e6b300000] [id=29028]

Threads with active compile tasks:

VM state: not at safepoint (normal execution)

VM Mutex/Monitor currently owned by a thread:  ([mutex/lock_event])
[0x000001ecdd252a70] Metaspace_lock - owner thread: 0x000001ecdd2555c0

Heap address: 0x0000000084400000, size: 1980 MB, Compressed Oops mode: 32-bit

CDS archive(s) not mapped
Compressed class space mapped at: 0x0000000100000000-0x0000000140000000, reserved size: 1073741824
Narrow klass base: 0x0000000000000000, Narrow klass shift: 3, Narrow klass range: 0x140000000

GC Precious Log:
 CPUs: 8 total, 8 available
 Memory: 7914M
 Large Page Support: Disabled
 NUMA Support: Disabled
 Compressed Oops: Enabled (32-bit)
 Heap Region Size: 1M
 Heap Min Capacity: 8M
 Heap Initial Capacity: 124M
 Heap Max Capacity: 1980M
 Pre-touch: Disabled
 Parallel Workers: 8
 Concurrent Workers: 2
 Concurrent Refinement Workers: 8
 Periodic GC: Disabled

Heap:
 garbage-first heap   total 126976K, used 21504K [0x0000000084400000, 0x0000000100000000)
  region size 1024K, 20 young (20480K), 0 survivors (0K)
 Metaspace       used 13689K, committed 13888K, reserved 1114112K
  class space    used 1421K, committed 1536K, reserved 1048576K

Heap Regions: E=young(eden), S=young(survivor), O=old, HS=humongous(starts), HC=humongous(continues), CS=collection set, F=free, OA=open archive, CA=closed archive, TAMS=top-at-mark-start (previous, next)
|   0|0x0000000084400000, 0x0000000084500000, 0x0000000084500000|100%|HS|  |TAMS 0x0000000084400000, 0x0000000084400000| Complete 
|   1|0x0000000084500000, 0x0000000084600000, 0x0000000084600000|100%|HS|  |TAMS 0x0000000084500000, 0x0000000084500000| Complete 
|   2|0x0000000084600000, 0x0000000084700000, 0x0000000084700000|100%|HS|  |TAMS 0x0000000084600000, 0x0000000084600000| Complete 
|   3|0x0000000084700000, 0x0000000084700000, 0x0000000084800000|  0%| F|  |TAMS 0x0000000084700000, 0x0000000084700000| Untracked 
|   4|0x0000000084800000, 0x0000000084800000, 0x0000000084900000|  0%| F|  |TAMS 0x0000000084800000, 0x0000000084800000| Untracked 
|   5|0x0000000084900000, 0x0000000084900000, 0x0000000084a00000|  0%| F|  |TAMS 0x0000000084900000, 0x0000000084900000| Untracked 
|   6|0x0000000084a00000, 0x0000000084a00000, 0x0000000084b00000|  0%| F|  |TAMS 0x0000000084a00000, 0x0000000084a00000| Untracked 
|   7|0x0000000084b00000, 0x0000000084b00000, 0x0000000084c00000|  0%| F|  |TAMS 0x0000000084b00000, 0x0000000084b00000| Untracked 
|   8|0x0000000084c00000, 0x0000000084c00000, 0x0000000084d00000|  0%| F|  |TAMS 0x0000000084c00000, 0x0000000084c00000| Untracked 
|   9|0x0000000084d00000, 0x0000000084d00000, 0x0000000084e00000|  0%| F|  |TAMS 0x0000000084d00000, 0x0000000084d00000| Untracked 
|  10|0x0000000084e00000, 0x0000000084e00000, 0x0000000084f00000|  0%| F|  |TAMS 0x0000000084e00000, 0x0000000084e00000| Untracked 
|  11|0x0000000084f00000, 0x0000000084f00000, 0x0000000085000000|  0%| F|  |TAMS 0x0000000084f00000, 0x0000000084f00000| Untracked 
|  12|0x0000000085000000, 0x0000000085000000, 0x0000000085100000|  0%| F|  |TAMS 0x0000000085000000, 0x0000000085000000| Untracked 
|  13|0x0000000085100000, 0x0000000085100000, 0x0000000085200000|  0%| F|  |TAMS 0x0000000085100000, 0x0000000085100000| Untracked 
|  14|0x0000000085200000, 0x0000000085200000, 0x0000000085300000|  0%| F|  |TAMS 0x0000000085200000, 0x0000000085200000| Untracked 
|  15|0x0000000085300000, 0x0000000085300000, 0x0000000085400000|  0%| F|  |TAMS 0x0000000085300000, 0x0000000085300000| Untracked 
|  16|0x0000000085400000, 0x0000000085400000, 0x0000000085500000|  0%| F|  |TAMS 0x0000000085400000, 0x0000000085400000| Untracked 
|  17|0x0000000085500000, 0x0000000085500000, 0x0000000085600000|  0%| F|  |TAMS 0x0000000085500000, 0x0000000085500000| Untracked 
|  18|0x0000000085600000, 0x0000000085600000, 0x0000000085700000|  0%| F|  |TAMS 0x0000000085600000, 0x0000000085600000| Untracked 
|  19|0x0000000085700000, 0x0000000085700000, 0x0000000085800000|  0%| F|  |TAMS 0x0000000085700000, 0x0000000085700000| Untracked 
|  20|0x0000000085800000, 0x0000000085800000, 0x0000000085900000|  0%| F|  |TAMS 0x0000000085800000, 0x0000000085800000| Untracked 
|  21|0x0000000085900000, 0x0000000085900000, 0x0000000085a00000|  0%| F|  |TAMS 0x0000000085900000, 0x0000000085900000| Untracked 
|  22|0x0000000085a00000, 0x0000000085a00000, 0x0000000085b00000|  0%| F|  |TAMS 0x0000000085a00000, 0x0000000085a00000| Untracked 
|  23|0x0000000085b00000, 0x0000000085b00000, 0x0000000085c00000|  0%| F|  |TAMS 0x0000000085b00000, 0x0000000085b00000| Untracked 
|  24|0x0000000085c00000, 0x0000000085c00000, 0x0000000085d00000|  0%| F|  |TAMS 0x0000000085c00000, 0x0000000085c00000| Untracked 
|  25|0x0000000085d00000, 0x0000000085d00000, 0x0000000085e00000|  0%| F|  |TAMS 0x0000000085d00000, 0x0000000085d00000| Untracked 
|  26|0x0000000085e00000, 0x0000000085e00000, 0x0000000085f00000|  0%| F|  |TAMS 0x0000000085e00000, 0x0000000085e00000| Untracked 
|  27|0x0000000085f00000, 0x0000000085f00000, 0x0000000086000000|  0%| F|  |TAMS 0x0000000085f00000, 0x0000000085f00000| Untracked 
|  28|0x0000000086000000, 0x0000000086000000, 0x0000000086100000|  0%| F|  |TAMS 0x0000000086000000, 0x0000000086000000| Untracked 
|  29|0x0000000086100000, 0x0000000086100000, 0x0000000086200000|  0%| F|  |TAMS 0x0000000086100000, 0x0000000086100000| Untracked 
|  30|0x0000000086200000, 0x0000000086200000, 0x0000000086300000|  0%| F|  |TAMS 0x0000000086200000, 0x0000000086200000| Untracked 
|  31|0x0000000086300000, 0x0000000086300000, 0x0000000086400000|  0%| F|  |TAMS 0x0000000086300000, 0x0000000086300000| Untracked 
|  32|0x0000000086400000, 0x0000000086400000, 0x0000000086500000|  0%| F|  |TAMS 0x0000000086400000, 0x0000000086400000| Untracked 
|  33|0x0000000086500000, 0x0000000086500000, 0x0000000086600000|  0%| F|  |TAMS 0x0000000086500000, 0x0000000086500000| Untracked 
|  34|0x0000000086600000, 0x0000000086600000, 0x0000000086700000|  0%| F|  |TAMS 0x0000000086600000, 0x0000000086600000| Untracked 
|  35|0x0000000086700000, 0x0000000086700000, 0x0000000086800000|  0%| F|  |TAMS 0x0000000086700000, 0x0000000086700000| Untracked 
|  36|0x0000000086800000, 0x0000000086800000, 0x0000000086900000|  0%| F|  |TAMS 0x0000000086800000, 0x0000000086800000| Untracked 
|  37|0x0000000086900000, 0x0000000086900000, 0x0000000086a00000|  0%| F|  |TAMS 0x0000000086900000, 0x0000000086900000| Untracked 
|  38|0x0000000086a00000, 0x0000000086a00000, 0x0000000086b00000|  0%| F|  |TAMS 0x0000000086a00000, 0x0000000086a00000| Untracked 
|  39|0x0000000086b00000, 0x0000000086b00000, 0x0000000086c00000|  0%| F|  |TAMS 0x0000000086b00000, 0x0000000086b00000| Untracked 
|  40|0x0000000086c00000, 0x0000000086c00000, 0x0000000086d00000|  0%| F|  |TAMS 0x0000000086c00000, 0x0000000086c00000| Untracked 
|  41|0x0000000086d00000, 0x0000000086d00000, 0x0000000086e00000|  0%| F|  |TAMS 0x0000000086d00000, 0x0000000086d00000| Untracked 
|  42|0x0000000086e00000, 0x0000000086e00000, 0x0000000086f00000|  0%| F|  |TAMS 0x0000000086e00000, 0x0000000086e00000| Untracked 
|  43|0x0000000086f00000, 0x0000000086f00000, 0x0000000087000000|  0%| F|  |TAMS 0x0000000086f00000, 0x0000000086f00000| Untracked 
|  44|0x0000000087000000, 0x0000000087000000, 0x0000000087100000|  0%| F|  |TAMS 0x0000000087000000, 0x0000000087000000| Untracked 
|  45|0x0000000087100000, 0x0000000087100000, 0x0000000087200000|  0%| F|  |TAMS 0x0000000087100000, 0x0000000087100000| Untracked 
|  46|0x0000000087200000, 0x0000000087200000, 0x0000000087300000|  0%| F|  |TAMS 0x0000000087200000, 0x0000000087200000| Untracked 
|  47|0x0000000087300000, 0x0000000087300000, 0x0000000087400000|  0%| F|  |TAMS 0x0000000087300000, 0x0000000087300000| Untracked 
|  48|0x0000000087400000, 0x0000000087400000, 0x0000000087500000|  0%| F|  |TAMS 0x0000000087400000, 0x0000000087400000| Untracked 
|  49|0x0000000087500000, 0x0000000087500000, 0x0000000087600000|  0%| F|  |TAMS 0x0000000087500000, 0x0000000087500000| Untracked 
|  50|0x0000000087600000, 0x0000000087600000, 0x0000000087700000|  0%| F|  |TAMS 0x0000000087600000, 0x0000000087600000| Untracked 
|  51|0x0000000087700000, 0x0000000087700000, 0x0000000087800000|  0%| F|  |TAMS 0x0000000087700000, 0x0000000087700000| Untracked 
|  52|0x0000000087800000, 0x0000000087800000, 0x0000000087900000|  0%| F|  |TAMS 0x0000000087800000, 0x0000000087800000| Untracked 
|  53|0x0000000087900000, 0x0000000087900000, 0x0000000087a00000|  0%| F|  |TAMS 0x0000000087900000, 0x0000000087900000| Untracked 
|  54|0x0000000087a00000, 0x0000000087a00000, 0x0000000087b00000|  0%| F|  |TAMS 0x0000000087a00000, 0x0000000087a00000| Untracked 
|  55|0x0000000087b00000, 0x0000000087b00000, 0x0000000087c00000|  0%| F|  |TAMS 0x0000000087b00000, 0x0000000087b00000| Untracked 
|  56|0x0000000087c00000, 0x0000000087c00000, 0x0000000087d00000|  0%| F|  |TAMS 0x0000000087c00000, 0x0000000087c00000| Untracked 
|  57|0x0000000087d00000, 0x0000000087d00000, 0x0000000087e00000|  0%| F|  |TAMS 0x0000000087d00000, 0x0000000087d00000| Untracked 
|  58|0x0000000087e00000, 0x0000000087e00000, 0x0000000087f00000|  0%| F|  |TAMS 0x0000000087e00000, 0x0000000087e00000| Untracked 
|  59|0x0000000087f00000, 0x0000000087f00000, 0x0000000088000000|  0%| F|  |TAMS 0x0000000087f00000, 0x0000000087f00000| Untracked 
|  60|0x0000000088000000, 0x0000000088000000, 0x0000000088100000|  0%| F|  |TAMS 0x0000000088000000, 0x0000000088000000| Untracked 
|  61|0x0000000088100000, 0x0000000088100000, 0x0000000088200000|  0%| F|  |TAMS 0x0000000088100000, 0x0000000088100000| Untracked 
|  62|0x0000000088200000, 0x0000000088200000, 0x0000000088300000|  0%| F|  |TAMS 0x0000000088200000, 0x0000000088200000| Untracked 
|  63|0x0000000088300000, 0x0000000088300000, 0x0000000088400000|  0%| F|  |TAMS 0x0000000088300000, 0x0000000088300000| Untracked 
|  64|0x0000000088400000, 0x0000000088400000, 0x0000000088500000|  0%| F|  |TAMS 0x0000000088400000, 0x0000000088400000| Untracked 
|  65|0x0000000088500000, 0x0000000088500000, 0x0000000088600000|  0%| F|  |TAMS 0x0000000088500000, 0x0000000088500000| Untracked 
|  66|0x0000000088600000, 0x0000000088600000, 0x0000000088700000|  0%| F|  |TAMS 0x0000000088600000, 0x0000000088600000| Untracked 
|  67|0x0000000088700000, 0x0000000088700000, 0x0000000088800000|  0%| F|  |TAMS 0x0000000088700000, 0x0000000088700000| Untracked 
|  68|0x0000000088800000, 0x0000000088800000, 0x0000000088900000|  0%| F|  |TAMS 0x0000000088800000, 0x0000000088800000| Untracked 
|  69|0x0000000088900000, 0x0000000088900000, 0x0000000088a00000|  0%| F|  |TAMS 0x0000000088900000, 0x0000000088900000| Untracked 
|  70|0x0000000088a00000, 0x0000000088a00000, 0x0000000088b00000|  0%| F|  |TAMS 0x0000000088a00000, 0x0000000088a00000| Untracked 
|  71|0x0000000088b00000, 0x0000000088b00000, 0x0000000088c00000|  0%| F|  |TAMS 0x0000000088b00000, 0x0000000088b00000| Untracked 
|  72|0x0000000088c00000, 0x0000000088c00000, 0x0000000088d00000|  0%| F|  |TAMS 0x0000000088c00000, 0x0000000088c00000| Untracked 
|  73|0x0000000088d00000, 0x0000000088d00000, 0x0000000088e00000|  0%| F|  |TAMS 0x0000000088d00000, 0x0000000088d00000| Untracked 
|  74|0x0000000088e00000, 0x0000000088e00000, 0x0000000088f00000|  0%| F|  |TAMS 0x0000000088e00000, 0x0000000088e00000| Untracked 
|  75|0x0000000088f00000, 0x0000000088f00000, 0x0000000089000000|  0%| F|  |TAMS 0x0000000088f00000, 0x0000000088f00000| Untracked 
|  76|0x0000000089000000, 0x0000000089000000, 0x0000000089100000|  0%| F|  |TAMS 0x0000000089000000, 0x0000000089000000| Untracked 
|  77|0x0000000089100000, 0x0000000089100000, 0x0000000089200000|  0%| F|  |TAMS 0x0000000089100000, 0x0000000089100000| Untracked 
|  78|0x0000000089200000, 0x0000000089200000, 0x0000000089300000|  0%| F|  |TAMS 0x0000000089200000, 0x0000000089200000| Untracked 
|  79|0x0000000089300000, 0x0000000089300000, 0x0000000089400000|  0%| F|  |TAMS 0x0000000089300000, 0x0000000089300000| Untracked 
|  80|0x0000000089400000, 0x0000000089400000, 0x0000000089500000|  0%| F|  |TAMS 0x0000000089400000, 0x0000000089400000| Untracked 
|  81|0x0000000089500000, 0x0000000089500000, 0x0000000089600000|  0%| F|  |TAMS 0x0000000089500000, 0x0000000089500000| Untracked 
|  82|0x0000000089600000, 0x0000000089600000, 0x0000000089700000|  0%| F|  |TAMS 0x0000000089600000, 0x0000000089600000| Untracked 
|  83|0x0000000089700000, 0x0000000089700000, 0x0000000089800000|  0%| F|  |TAMS 0x0000000089700000, 0x0000000089700000| Untracked 
|  84|0x0000000089800000, 0x0000000089800000, 0x0000000089900000|  0%| F|  |TAMS 0x0000000089800000, 0x0000000089800000| Untracked 
|  85|0x0000000089900000, 0x0000000089900000, 0x0000000089a00000|  0%| F|  |TAMS 0x0000000089900000, 0x0000000089900000| Untracked 
|  86|0x0000000089a00000, 0x0000000089a00000, 0x0000000089b00000|  0%| F|  |TAMS 0x0000000089a00000, 0x0000000089a00000| Untracked 
|  87|0x0000000089b00000, 0x0000000089b00000, 0x0000000089c00000|  0%| F|  |TAMS 0x0000000089b00000, 0x0000000089b00000| Untracked 
|  88|0x0000000089c00000, 0x0000000089c00000, 0x0000000089d00000|  0%| F|  |TAMS 0x0000000089c00000, 0x0000000089c00000| Untracked 
|  89|0x0000000089d00000, 0x0000000089d00000, 0x0000000089e00000|  0%| F|  |TAMS 0x0000000089d00000, 0x0000000089d00000| Untracked 
|  90|0x0000000089e00000, 0x0000000089e00000, 0x0000000089f00000|  0%| F|  |TAMS 0x0000000089e00000, 0x0000000089e00000| Untracked 
|  91|0x0000000089f00000, 0x0000000089f00000, 0x000000008a000000|  0%| F|  |TAMS 0x0000000089f00000, 0x0000000089f00000| Untracked 
|  92|0x000000008a000000, 0x000000008a000000, 0x000000008a100000|  0%| F|  |TAMS 0x000000008a000000, 0x000000008a000000| Untracked 
|  93|0x000000008a100000, 0x000000008a100000, 0x000000008a200000|  0%| F|  |TAMS 0x000000008a100000, 0x000000008a100000| Untracked 
|  94|0x000000008a200000, 0x000000008a200000, 0x000000008a300000|  0%| F|  |TAMS 0x000000008a200000, 0x000000008a200000| Untracked 
|  95|0x000000008a300000, 0x000000008a300000, 0x000000008a400000|  0%| F|  |TAMS 0x000000008a300000, 0x000000008a300000| Untracked 
|  96|0x000000008a400000, 0x000000008a400000, 0x000000008a500000|  0%| F|  |TAMS 0x000000008a400000, 0x000000008a400000| Untracked 
|  97|0x000000008a500000, 0x000000008a500000, 0x000000008a600000|  0%| F|  |TAMS 0x000000008a500000, 0x000000008a500000| Untracked 
|  98|0x000000008a600000, 0x000000008a600000, 0x000000008a700000|  0%| F|  |TAMS 0x000000008a600000, 0x000000008a600000| Untracked 
|  99|0x000000008a700000, 0x000000008a700000, 0x000000008a800000|  0%| F|  |TAMS 0x000000008a700000, 0x000000008a700000| Untracked 
| 100|0x000000008a800000, 0x000000008a800000, 0x000000008a900000|  0%| F|  |TAMS 0x000000008a800000, 0x000000008a800000| Untracked 
| 101|0x000000008a900000, 0x000000008a900000, 0x000000008aa00000|  0%| F|  |TAMS 0x000000008a900000, 0x000000008a900000| Untracked 
| 102|0x000000008aa00000, 0x000000008aa00000, 0x000000008ab00000|  0%| F|  |TAMS 0x000000008aa00000, 0x000000008aa00000| Untracked 
| 103|0x000000008ab00000, 0x000000008ab00000, 0x000000008ac00000|  0%| F|  |TAMS 0x000000008ab00000, 0x000000008ab00000| Untracked 
| 104|0x000000008ac00000, 0x000000008acec0b0, 0x000000008ad00000| 92%| E|  |TAMS 0x000000008ac00000, 0x000000008ac00000| Complete 
| 105|0x000000008ad00000, 0x000000008ae00000, 0x000000008ae00000|100%| E|CS|TAMS 0x000000008ad00000, 0x000000008ad00000| Complete 
| 106|0x000000008ae00000, 0x000000008af00000, 0x000000008af00000|100%| E|CS|TAMS 0x000000008ae00000, 0x000000008ae00000| Complete 
| 107|0x000000008af00000, 0x000000008b000000, 0x000000008b000000|100%| E|CS|TAMS 0x000000008af00000, 0x000000008af00000| Complete 
| 108|0x000000008b000000, 0x000000008b100000, 0x000000008b100000|100%| E|CS|TAMS 0x000000008b000000, 0x000000008b000000| Complete 
| 109|0x000000008b100000, 0x000000008b200000, 0x000000008b200000|100%| E|CS|TAMS 0x000000008b100000, 0x000000008b100000| Complete 
| 110|0x000000008b200000, 0x000000008b300000, 0x000000008b300000|100%| E|CS|TAMS 0x000000008b200000, 0x000000008b200000| Complete 
| 111|0x000000008b300000, 0x000000008b400000, 0x000000008b400000|100%| E|CS|TAMS 0x000000008b300000, 0x000000008b300000| Complete 
| 112|0x000000008b400000, 0x000000008b500000, 0x000000008b500000|100%| E|CS|TAMS 0x000000008b400000, 0x000000008b400000| Complete 
| 113|0x000000008b500000, 0x000000008b600000, 0x000000008b600000|100%| E|CS|TAMS 0x000000008b500000, 0x000000008b500000| Complete 
| 114|0x000000008b600000, 0x000000008b700000, 0x000000008b700000|100%| E|CS|TAMS 0x000000008b600000, 0x000000008b600000| Complete 
| 115|0x000000008b700000, 0x000000008b800000, 0x000000008b800000|100%| E|CS|TAMS 0x000000008b700000, 0x000000008b700000| Complete 
| 116|0x000000008b800000, 0x000000008b900000, 0x000000008b900000|100%| E|CS|TAMS 0x000000008b800000, 0x000000008b800000| Complete 
| 117|0x000000008b900000, 0x000000008ba00000, 0x000000008ba00000|100%| E|CS|TAMS 0x000000008b900000, 0x000000008b900000| Complete 
| 118|0x000000008ba00000, 0x000000008bb00000, 0x000000008bb00000|100%| E|CS|TAMS 0x000000008ba00000, 0x000000008ba00000| Complete 
| 119|0x000000008bb00000, 0x000000008bc00000, 0x000000008bc00000|100%| E|CS|TAMS 0x000000008bb00000, 0x000000008bb00000| Complete 
| 120|0x000000008bc00000, 0x000000008bd00000, 0x000000008bd00000|100%| E|CS|TAMS 0x000000008bc00000, 0x000000008bc00000| Complete 
| 121|0x000000008bd00000, 0x000000008be00000, 0x000000008be00000|100%| E|  |TAMS 0x000000008bd00000, 0x000000008bd00000| Complete 
| 122|0x000000008be00000, 0x000000008bf00000, 0x000000008bf00000|100%| E|CS|TAMS 0x000000008be00000, 0x000000008be00000| Complete 
| 123|0x000000008bf00000, 0x000000008c000000, 0x000000008c000000|100%| E|CS|TAMS 0x000000008bf00000, 0x000000008bf00000| Complete 

Card table byte_map: [0x000001ece3df0000,0x000001ece41d0000] _byte_map_base: 0x000001ece39ce000

Marking Bits (Prev, Next): (CMBitMap*) 0x000001ecdd2b2080, (CMBitMap*) 0x000001ecdd2b20c0
 Prev Bits: [0x000001ece45b0000, 0x000001ece64a0000)
 Next Bits: [0x000001ece64a0000, 0x000001ece8390000)

Polling page: 0x000001ecdb210000

Metaspace:

Usage:
  Non-class:     11.98 MB used.
      Class:      1.39 MB used.
       Both:     13.37 MB used.

Virtual space:
  Non-class space:       64.00 MB reserved,      12.06 MB ( 19%) committed,  1 nodes.
      Class space:        1.00 GB reserved,       1.50 MB ( <1%) committed,  1 nodes.
             Both:        1.06 GB reserved,      13.56 MB (  1%) committed. 

Chunk freelists:
   Non-Class:  3.92 MB
       Class:  14.53 MB
        Both:  18.45 MB

MaxMetaspaceSize: unlimited
CompressedClassSpaceSize: 1.00 GB
Initial GC threshold: 21.00 MB
Current GC threshold: 21.00 MB
CDS: off
MetaspaceReclaimPolicy: balanced
 - commit_granule_bytes: 65536.
 - commit_granule_words: 8192.
 - virtual_space_node_default_size: 8388608.
 - enlarge_chunks_in_place: 1.
 - new_chunks_are_fully_committed: 0.
 - uncommit_free_chunks: 1.
 - use_allocation_guard: 0.
 - handle_deallocations: 1.


Internal statistics:

num_allocs_failed_limit: 0.
num_arena_births: 160.
num_arena_deaths: 0.
num_vsnodes_births: 2.
num_vsnodes_deaths: 0.
num_space_committed: 217.
num_space_uncommitted: 0.
num_chunks_returned_to_freelist: 0.
num_chunks_taken_from_freelist: 270.
num_chunk_merges: 0.
num_chunk_splits: 148.
num_chunks_enlarged: 65.
num_inconsistent_stats: 0.

CodeCache: size=49152Kb used=3221Kb max_used=3221Kb free=45930Kb
 bounds [0x000001ece0900000, 0x000001ece0c30000, 0x000001ece3900000]
 total_blobs=1556 nmethods=1114 adapters=369
 compilation: enabled
              stopped_count=0, restarted_count=0
 full_count=0

Compilation events (20 events):
Event: 1.158 Thread 0x000001ecef0a1100 1105       1       java.lang.String::indexOf (64 bytes)
Event: 1.158 Thread 0x000001ecef294d90 1106       1       java.lang.StringLatin1::indexOf (25 bytes)
Event: 1.158 Thread 0x000001ecef294d90 nmethod 1106 0x000001ece0c1e290 code [0x000001ece0c1e440, 0x000001ece0c1e588]
Event: 1.158 Thread 0x000001ecef294d90 1107   !   1       java.util.jar.JarFile::checkForSpecialAttributes (163 bytes)
Event: 1.159 Thread 0x000001ecef0a1100 nmethod 1105 0x000001ece0c1e690 code [0x000001ece0c1e860, 0x000001ece0c1eb08]
Event: 1.159 Thread 0x000001ecef294d90 nmethod 1107 0x000001ece0c1ed10 code [0x000001ece0c1ef80, 0x000001ece0c1f858]
Event: 1.163 Thread 0x000001ecef294d90 1109   !   1       java.net.URL::<init> (543 bytes)
Event: 1.163 Thread 0x000001ecef0a1100 1108       1       java.net.URL::<init> (8 bytes)
Event: 1.164 Thread 0x000001ecef0a1100 nmethod 1108 0x000001ece0c1fd90 code [0x000001ece0c1ff20, 0x000001ece0c20008]
Event: 1.164 Thread 0x000001ecef0a1100 1110       1       java.net.URLStreamHandler::setURL (73 bytes)
Event: 1.164 Thread 0x000001ecef0a1100 nmethod 1110 0x000001ece0c20090 code [0x000001ece0c202c0, 0x000001ece0c207f8]
Event: 1.164 Thread 0x000001ecef0a1100 1111   !   1       java.net.URL::set (114 bytes)
Event: 1.164 Thread 0x000001ecef0a1100 nmethod 1111 0x000001ece0c20b10 code [0x000001ece0c20d20, 0x000001ece0c214b8]
Event: 1.164 Thread 0x000001ecef0a1100 1112       1       java.util.concurrent.CopyOnWriteArrayList::setArray (6 bytes)
Event: 1.164 Thread 0x000001ecef0a1100 nmethod 1112 0x000001ece0c21790 code [0x000001ece0c21920, 0x000001ece0c21a38]
Event: 1.165 Thread 0x000001ecef0a1100 1113       1       java.util.jar.Attributes::getValue (9 bytes)
Event: 1.165 Thread 0x000001ecef0a1100 nmethod 1113 0x000001ece0c21a90 code [0x000001ece0c21c20, 0x000001ece0c21d48]
Event: 1.165 Thread 0x000001ecef0a1100 1114       1       java.util.jar.Attributes::get (11 bytes)
Event: 1.165 Thread 0x000001ecef0a1100 nmethod 1114 0x000001ece0c21e10 code [0x000001ece0c21fa0, 0x000001ece0c22088]
Event: 1.166 Thread 0x000001ecef294d90 nmethod 1109 0x000001ece0c22110 code [0x000001ece0c22540, 0x000001ece0c23ca8]

GC Heap History (0 events):
No events

Dll operation events (7 events):
Event: 0.020 Loaded shared library C:\Users\dell\Downloads\sts-4.21.0.RELEASE\plugins\org.eclipse.justj.openjdk.hotspot.jre.full.win32.x86_64_17.0.9.v20231028-0858\jre\bin\java.dll
Event: 0.291 Loaded shared library C:\Users\dell\Downloads\sts-4.21.0.RELEASE\plugins\org.eclipse.justj.openjdk.hotspot.jre.full.win32.x86_64_17.0.9.v20231028-0858\jre\bin\jimage.dll
Event: 0.311 Loaded shared library C:\Users\dell\Downloads\sts-4.21.0.RELEASE\plugins\org.eclipse.justj.openjdk.hotspot.jre.full.win32.x86_64_17.0.9.v20231028-0858\jre\bin\net.dll
Event: 0.316 Loaded shared library C:\Users\dell\Downloads\sts-4.21.0.RELEASE\plugins\org.eclipse.justj.openjdk.hotspot.jre.full.win32.x86_64_17.0.9.v20231028-0858\jre\bin\nio.dll
Event: 0.323 Loaded shared library C:\Users\dell\Downloads\sts-4.21.0.RELEASE\plugins\org.eclipse.justj.openjdk.hotspot.jre.full.win32.x86_64_17.0.9.v20231028-0858\jre\bin\zip.dll
Event: 0.493 Loaded shared library C:\Users\dell\Downloads\sts-4.21.0.RELEASE\plugins\org.eclipse.justj.openjdk.hotspot.jre.full.win32.x86_64_17.0.9.v20231028-0858\jre\bin\management.dll
Event: 0.524 Loaded shared library C:\Users\dell\Downloads\sts-4.21.0.RELEASE\plugins\org.eclipse.justj.openjdk.hotspot.jre.full.win32.x86_64_17.0.9.v20231028-0858\jre\bin\management_ext.dll

Deoptimization events (0 events):
No events

Classes unloaded (0 events):
No events

Classes redefined (0 events):
No events

Internal exceptions (16 events):
Event: 0.490 Thread 0x000001ecdd2555c0 Exception <a 'java/lang/NoSuchMethodError'{0x000000008b6aad50}: 'java.lang.Object java.lang.invoke.DirectMethodHandle$Holder.invokeStaticInit(java.lang.Object)'> (0x000000008b6aad50) 
thrown [s\src\hotspot\share\interpreter\linkResolver.cpp, line 759]
Event: 0.532 Thread 0x000001ecdd2555c0 Exception <a 'java/lang/NoSuchMethodError'{0x000000008b6c5b10}: 'int java.lang.invoke.DirectMethodHandle$Holder.invokeInterface(java.lang.Object, java.lang.Object)'> (0x000000008b6c5b10) 
thrown [s\src\hotspot\share\interpreter\linkResolver.cpp, line 759]
Event: 0.533 Thread 0x000001ecdd2555c0 Exception <a 'java/lang/IncompatibleClassChangeError'{0x000000008b6c9130}: Found class java.lang.Object, but interface was expected> (0x000000008b6c9130) 
thrown [s\src\hotspot\share\interpreter\linkResolver.cpp, line 826]
Event: 0.534 Thread 0x000001ecdd2555c0 Exception <a 'java/lang/NoSuchMethodError'{0x000000008b6cece0}: 'void java.lang.invoke.DirectMethodHandle$Holder.invokeStatic(java.lang.Object, java.lang.Object)'> (0x000000008b6cece0) 
thrown [s\src\hotspot\share\interpreter\linkResolver.cpp, line 759]
Event: 0.591 Thread 0x000001ecdd2555c0 Exception <a 'java/lang/NoSuchMethodError'{0x000000008b59cc00}: 'int java.lang.invoke.DirectMethodHandle$Holder.invokeSpecial(java.lang.Object, java.lang.Object, java.lang.Object)'> (0x000000008b59cc00) 
thrown [s\src\hotspot\share\interpreter\linkResolver.cpp, line 759]
Event: 0.648 Thread 0x000001ecdd2555c0 Exception <a 'java/lang/NoSuchMethodError'{0x000000008b4a7d98}: 'void java.lang.invoke.DirectMethodHandle$Holder.invokeStatic(java.lang.Object, java.lang.Object, java.lang.Object)'> (0x000000008b4a7d98) 
thrown [s\src\hotspot\share\interpreter\linkResolver.cpp, line 759]
Event: 0.696 Thread 0x000001ecdd2555c0 Exception <a 'java/lang/NoSuchMethodError'{0x000000008b3043b0}: 'int java.lang.invoke.DirectMethodHandle$Holder.invokeSpecialIFC(java.lang.Object, java.lang.Object, java.lang.Object)'> (0x000000008b3043b0) 
thrown [s\src\hotspot\share\interpreter\linkResolver.cpp, line 759]
Event: 0.726 Thread 0x000001ecdd2555c0 Exception <a 'java/lang/NoSuchMethodError'{0x000000008b37af10}: 'java.lang.Object java.lang.invoke.DirectMethodHandle$Holder.invokeStaticInit(java.lang.Object, int, int, int, int)'> (0x000000008b37af10) 
thrown [s\src\hotspot\share\interpreter\linkResolver.cpp, line 759]
Event: 1.057 Thread 0x000001ecdd2555c0 Exception <a 'java/lang/NoSuchMethodError'{0x000000008b24ea60}: 'java.lang.Object java.lang.invoke.DirectMethodHandle$Holder.invokeStaticInit(java.lang.Object, java.lang.Object, int, int, int, int)'> (0x000000008b24ea60) 
thrown [s\src\hotspot\share\interpreter\linkResolver.cpp, line 759]
Event: 1.065 Thread 0x000001ecdd2555c0 Exception <a 'java/lang/ClassNotFoundException'{0x000000008b26a1b0}: javax/management/remote/rmi/RMIServerImpl_Skel> (0x000000008b26a1b0) 
thrown [s\src\hotspot\share\classfile\systemDictionary.cpp, line 256]
Event: 1.105 Thread 0x000001ecdd2555c0 Exception <a 'java/lang/ClassNotFoundException'{0x000000008b13b828}: jdk/internal/agent/resources/spi/agentProvider> (0x000000008b13b828) 
thrown [s\src\hotspot\share\classfile\systemDictionary.cpp, line 256]
Event: 1.133 Thread 0x000001ecefbce160 Exception <a 'java/lang/NoSuchMethodError'{0x000000008ae1e208}: static [B.<clinit>()V> (0x000000008ae1e208) 
thrown [s\src\hotspot\share\prims\jni.cpp, line 1107]
Event: 1.144 Thread 0x000001eceff59000 Exception <a 'java/lang/NoSuchMethodError'{0x000000008ad09b18}: 'java.lang.Object java.lang.invoke.Invokers$Holder.linkToTargetMethod(java.lang.Object, long, java.lang.Object)'> (0x000000008ad09b18) 
thrown [s\src\hotspot\share\interpreter\linkResolver.cpp, line 759]
Event: 1.144 Thread 0x000001ecefbce160 Exception <a 'java/lang/ClassNotFoundException'{0x000000008ae3f310}: javax/management/remote/rmi/RMIConnectionImpl_Skel> (0x000000008ae3f310) 
thrown [s\src\hotspot\share\classfile\systemDictionary.cpp, line 256]
Event: 1.153 Thread 0x000001ecefbce160 Exception <a 'java/lang/reflect/InvocationTargetException'{0x000000008ae74f88}> (0x000000008ae74f88) 
thrown [s\src\hotspot\share\runtime\reflection.cpp, line 1121]
Event: 1.156 Thread 0x000001ecefbce160 Exception <a 'java/lang/NoSuchMethodError'{0x000000008ac199a0}: static [Ljava/lang/StackTraceElement;.<clinit>()V> (0x000000008ac199a0) 
thrown [s\src\hotspot\share\prims\jni.cpp, line 1107]

VM Operations (20 events):
Event: 0.264 Executing VM operation: HandshakeAllThreads
Event: 0.264 Executing VM operation: HandshakeAllThreads done
Event: 0.539 Executing VM operation: HandshakeAllThreads
Event: 0.539 Executing VM operation: HandshakeAllThreads done
Event: 0.540 Executing VM operation: HandshakeAllThreads
Event: 0.540 Executing VM operation: HandshakeAllThreads done
Event: 0.663 Executing VM operation: HandshakeAllThreads
Event: 0.663 Executing VM operation: HandshakeAllThreads done
Event: 0.711 Executing VM operation: HandshakeAllThreads
Event: 0.711 Executing VM operation: HandshakeAllThreads done
Event: 1.064 Executing VM operation: HandshakeAllThreads
Event: 1.064 Executing VM operation: HandshakeAllThreads done
Event: 1.143 Executing VM operation: HandshakeAllThreads
Event: 1.143 Executing VM operation: HandshakeAllThreads done
Event: 1.143 Executing VM operation: Cleanup
Event: 1.143 Executing VM operation: Cleanup done
Event: 1.151 Executing VM operation: HandshakeAllThreads
Event: 1.151 Executing VM operation: HandshakeAllThreads done
Event: 1.156 Executing VM operation: HandshakeAllThreads
Event: 1.156 Executing VM operation: HandshakeAllThreads done

Events (20 events):
Event: 1.154 loading class sun/net/www/protocol/jar/JarFileFactory done
Event: 1.154 loading class java/io/PrintWriter done
Event: 1.154 loading class java/lang/Throwable$PrintStreamOrWriter
Event: 1.154 loading class java/lang/Throwable$PrintStreamOrWriter done
Event: 1.154 loading class sun/net/www/protocol/file/FileURLConnection
Event: 1.155 loading class sun/net/www/URLConnection
Event: 1.155 loading class sun/net/www/URLConnection done
Event: 1.155 loading class sun/net/www/protocol/file/FileURLConnection done
Event: 1.155 loading class sun/net/www/MessageHeader
Event: 1.155 loading class sun/net/www/MessageHeader done
Event: 1.155 loading class sun/net/www/protocol/jar/URLJarFile
Event: 1.155 loading class sun/net/www/protocol/jar/URLJarFile done
Event: 1.156 loading class java/lang/StackTraceElement$HashedModules
Event: 1.156 loading class java/lang/StackTraceElement$HashedModules done
Event: 1.156 loading class sun/net/www/protocol/jar/URLJarFile$URLJarFileEntry
Event: 1.156 loading class sun/net/www/protocol/jar/URLJarFile$URLJarFileEntry done
Event: 1.156 loading class sun/net/www/protocol/jar/JarURLConnection$JarURLInputStream
Event: 1.156 loading class sun/net/www/protocol/jar/JarURLConnection$JarURLInputStream done
Event: 1.157 loading class java/util/function/UnaryOperator
Event: 1.157 loading class java/util/function/UnaryOperator done


Dynamic libraries:
0x00007ff621c20000 - 0x00007ff621c2e000 	C:\Users\dell\Downloads\sts-4.21.0.RELEASE\plugins\org.eclipse.justj.openjdk.hotspot.jre.full.win32.x86_64_17.0.9.v20231028-0858\jre\bin\javaw.exe
0x00007ffa71950000 - 0x00007ffa71b67000 	C:\WINDOWS\SYSTEM32\ntdll.dll
0x00007ffa70250000 - 0x00007ffa70314000 	C:\WINDOWS\System32\KERNEL32.DLL
0x00007ffa6ec70000 - 0x00007ffa6f01d000 	C:\WINDOWS\System32\KERNELBASE.dll
0x00007ffa6f020000 - 0x00007ffa6f131000 	C:\WINDOWS\System32\ucrtbase.dll
0x00007ffa48bf0000 - 0x00007ffa48c0b000 	C:\Users\dell\Downloads\sts-4.21.0.RELEASE\plugins\org.eclipse.justj.openjdk.hotspot.jre.full.win32.x86_64_17.0.9.v20231028-0858\jre\bin\VCRUNTIME140.dll
0x00007ffa531f0000 - 0x00007ffa53207000 	C:\Users\dell\Downloads\sts-4.21.0.RELEASE\plugins\org.eclipse.justj.openjdk.hotspot.jre.full.win32.x86_64_17.0.9.v20231028-0858\jre\bin\jli.dll
0x00007ffa6f790000 - 0x00007ffa6f93e000 	C:\WINDOWS\System32\USER32.dll
0x00007ffa564d0000 - 0x00007ffa56763000 	C:\WINDOWS\WinSxS\amd64_microsoft.windows.common-controls_6595b64144ccf1df_6.0.22621.3672_none_2713b9d173822955\COMCTL32.dll
0x00007ffa6f680000 - 0x00007ffa6f727000 	C:\WINDOWS\System32\msvcrt.dll
0x00007ffa6f260000 - 0x00007ffa6f286000 	C:\WINDOWS\System32\win32u.dll
0x00007ffa708a0000 - 0x00007ffa708c9000 	C:\WINDOWS\System32\GDI32.dll
0x00007ffa6f140000 - 0x00007ffa6f259000 	C:\WINDOWS\System32\gdi32full.dll
0x00007ffa6f4f0000 - 0x00007ffa6f58a000 	C:\WINDOWS\System32\msvcp_win.dll
0x00007ffa70370000 - 0x00007ffa703a1000 	C:\WINDOWS\System32\IMM32.DLL
0x00007ffa55f10000 - 0x00007ffa55f1c000 	C:\Users\dell\Downloads\sts-4.21.0.RELEASE\plugins\org.eclipse.justj.openjdk.hotspot.jre.full.win32.x86_64_17.0.9.v20231028-0858\jre\bin\vcruntime140_1.dll
0x00007ffa39f70000 - 0x00007ffa39ffd000 	C:\Users\dell\Downloads\sts-4.21.0.RELEASE\plugins\org.eclipse.justj.openjdk.hotspot.jre.full.win32.x86_64_17.0.9.v20231028-0858\jre\bin\msvcp140.dll
0x00007ff9c2bb0000 - 0x00007ff9c3811000 	C:\Users\dell\Downloads\sts-4.21.0.RELEASE\plugins\org.eclipse.justj.openjdk.hotspot.jre.full.win32.x86_64_17.0.9.v20231028-0858\jre\bin\server\jvm.dll
0x00007ffa71140000 - 0x00007ffa711f2000 	C:\WINDOWS\System32\ADVAPI32.dll
0x00007ffa703e0000 - 0x00007ffa70489000 	C:\WINDOWS\System32\sechost.dll
0x00007ffa6f4c0000 - 0x00007ffa6f4e8000 	C:\WINDOWS\System32\bcrypt.dll
0x00007ffa70600000 - 0x00007ffa70714000 	C:\WINDOWS\System32\RPCRT4.dll
0x00007ffa66eb0000 - 0x00007ffa66eb9000 	C:\WINDOWS\SYSTEM32\WSOCK32.dll
0x00007ffa6c0d0000 - 0x00007ffa6c104000 	C:\WINDOWS\SYSTEM32\WINMM.dll
0x00007ffa70570000 - 0x00007ffa705e1000 	C:\WINDOWS\System32\WS2_32.dll
0x00007ffa6ea80000 - 0x00007ffa6eacd000 	C:\WINDOWS\SYSTEM32\POWRPROF.dll
0x00007ffa5d260000 - 0x00007ffa5d26a000 	C:\WINDOWS\SYSTEM32\VERSION.dll
0x00007ffa6e960000 - 0x00007ffa6e973000 	C:\WINDOWS\SYSTEM32\UMPDC.dll
0x00007ffa6dc10000 - 0x00007ffa6dc28000 	C:\WINDOWS\SYSTEM32\kernel.appcore.dll
0x00007ffa66ea0000 - 0x00007ffa66eaa000 	C:\Users\dell\Downloads\sts-4.21.0.RELEASE\plugins\org.eclipse.justj.openjdk.hotspot.jre.full.win32.x86_64_17.0.9.v20231028-0858\jre\bin\jimage.dll
0x00007ffa6c650000 - 0x00007ffa6c882000 	C:\WINDOWS\SYSTEM32\DBGHELP.DLL
0x00007ffa6fec0000 - 0x00007ffa7024d000 	C:\WINDOWS\System32\combase.dll
0x00007ffa70490000 - 0x00007ffa70567000 	C:\WINDOWS\System32\OLEAUT32.dll
0x00007ffa6c110000 - 0x00007ffa6c142000 	C:\WINDOWS\SYSTEM32\dbgcore.DLL
0x00007ffa6f590000 - 0x00007ffa6f60b000 	C:\WINDOWS\System32\bcryptPrimitives.dll
0x00007ffa4be90000 - 0x00007ffa4beb5000 	C:\Users\dell\Downloads\sts-4.21.0.RELEASE\plugins\org.eclipse.justj.openjdk.hotspot.jre.full.win32.x86_64_17.0.9.v20231028-0858\jre\bin\java.dll
0x00007ffa4eac0000 - 0x00007ffa4ead8000 	C:\Users\dell\Downloads\sts-4.21.0.RELEASE\plugins\org.eclipse.justj.openjdk.hotspot.jre.full.win32.x86_64_17.0.9.v20231028-0858\jre\bin\zip.dll
0x00007ffa708d0000 - 0x00007ffa71138000 	C:\WINDOWS\System32\SHELL32.dll
0x00007ffa6cb70000 - 0x00007ffa6d46e000 	C:\WINDOWS\SYSTEM32\windows.storage.dll
0x00007ffa6ca30000 - 0x00007ffa6cb6f000 	C:\WINDOWS\SYSTEM32\wintypes.dll
0x00007ffa6fc00000 - 0x00007ffa6fcf9000 	C:\WINDOWS\System32\SHCORE.dll
0x00007ffa717b0000 - 0x00007ffa7180e000 	C:\WINDOWS\System32\shlwapi.dll
0x00007ffa6eba0000 - 0x00007ffa6ebc1000 	C:\WINDOWS\SYSTEM32\profapi.dll
0x00007ffa4a660000 - 0x00007ffa4a679000 	C:\Users\dell\Downloads\sts-4.21.0.RELEASE\plugins\org.eclipse.justj.openjdk.hotspot.jre.full.win32.x86_64_17.0.9.v20231028-0858\jre\bin\net.dll
0x00007ffa650c0000 - 0x00007ffa651f6000 	C:\WINDOWS\SYSTEM32\WINHTTP.dll
0x00007ffa6e0f0000 - 0x00007ffa6e159000 	C:\WINDOWS\system32\mswsock.dll
0x00007ffa496f0000 - 0x00007ffa49706000 	C:\Users\dell\Downloads\sts-4.21.0.RELEASE\plugins\org.eclipse.justj.openjdk.hotspot.jre.full.win32.x86_64_17.0.9.v20231028-0858\jre\bin\nio.dll
0x00007ffa55de0000 - 0x00007ffa55de9000 	C:\Users\dell\Downloads\sts-4.21.0.RELEASE\plugins\org.eclipse.justj.openjdk.hotspot.jre.full.win32.x86_64_17.0.9.v20231028-0858\jre\bin\management.dll
0x00007ffa55150000 - 0x00007ffa5515b000 	C:\Users\dell\Downloads\sts-4.21.0.RELEASE\plugins\org.eclipse.justj.openjdk.hotspot.jre.full.win32.x86_64_17.0.9.v20231028-0858\jre\bin\management_ext.dll
0x00007ffa6feb0000 - 0x00007ffa6feb8000 	C:\WINDOWS\System32\PSAPI.DLL
0x00007ffa4c760000 - 0x00007ffa4c777000 	C:\WINDOWS\system32\napinsp.dll
0x00007ffa4bfe0000 - 0x00007ffa4bffb000 	C:\WINDOWS\system32\pnrpnsp.dll
0x00007ffa6d740000 - 0x00007ffa6d838000 	C:\WINDOWS\SYSTEM32\DNSAPI.dll
0x00007ffa6d710000 - 0x00007ffa6d73d000 	C:\WINDOWS\SYSTEM32\IPHLPAPI.DLL
0x00007ffa6f940000 - 0x00007ffa6f949000 	C:\WINDOWS\System32\NSI.dll
0x00007ffa4bbe0000 - 0x00007ffa4bbf1000 	C:\WINDOWS\System32\winrnr.dll
0x00007ffa4bbc0000 - 0x00007ffa4bbd5000 	C:\WINDOWS\system32\wshbth.dll
0x00007ffa4bb90000 - 0x00007ffa4bbb7000 	C:\WINDOWS\system32\nlansp_c.dll
0x00007ffa61700000 - 0x00007ffa6170a000 	C:\Windows\System32\rasadhlp.dll
0x00007ffa5d070000 - 0x00007ffa5d0f3000 	C:\WINDOWS\System32\fwpuclnt.dll
0x00007ffa6e370000 - 0x00007ffa6e38b000 	C:\WINDOWS\SYSTEM32\CRYPTSP.dll
0x00007ffa6dbd0000 - 0x00007ffa6dc05000 	C:\WINDOWS\system32\rsaenh.dll
0x00007ffa6e210000 - 0x00007ffa6e238000 	C:\WINDOWS\SYSTEM32\USERENV.dll
0x00007ffa6e390000 - 0x00007ffa6e39c000 	C:\WINDOWS\SYSTEM32\CRYPTBASE.dll
0x00007ffa652b0000 - 0x00007ffa652c9000 	C:\WINDOWS\SYSTEM32\dhcpcsvc6.DLL
0x00007ffa65290000 - 0x00007ffa652af000 	C:\WINDOWS\SYSTEM32\dhcpcsvc.DLL

dbghelp: loaded successfully - version: 4.0.5 - missing functions: none
symbol engine: initialized successfully - sym options: 0x614 - pdb path: .;C:\Users\dell\Downloads\sts-4.21.0.RELEASE\plugins\org.eclipse.justj.openjdk.hotspot.jre.full.win32.x86_64_17.0.9.v20231028-0858\jre\bin;C:\WINDOWS\SYSTEM32;C:\WINDOWS\WinSxS\amd64_microsoft.windows.common-controls_6595b64144ccf1df_6.0.22621.3672_none_2713b9d173822955;C:\Users\dell\Downloads\sts-4.21.0.RELEASE\plugins\org.eclipse.justj.openjdk.hotspot.jre.full.win32.x86_64_17.0.9.v20231028-0858\jre\bin\server

VM Arguments:
jvm_args: -Dcom.sun.management.jmxremote -Dcom.sun.management.jmxremote.port=59489 -Dcom.sun.management.jmxremote.authenticate=false -Dcom.sun.management.jmxremote.ssl=false -Djava.rmi.server.hostname=localhost -Dspring.jmx.enabled=true -Dmanagement.endpoints.jmx.exposure.include=* -Dspring.application.admin.enabled=true -XX:TieredStopAtLevel=1 -Dspring.boot.project.name=movie-service -Dfile.encoding=UTF-8 -Dstdout.encoding=UTF-8 -Dstderr.encoding=UTF-8 -XX:+ShowCodeDetailsInExceptionMessages 
java_command: com.example.MovieServiceApplication --spring.output.ansi.enabled=always
java_class_path (initial): C:\Users\dell\Documents\workspace-spring-tool-suite-Movie Booking Application\movie-service\target\classes;C:\Users\dell\.m2\repository\io\springfox\springfox-swagger2\3.0.0\springfox-swagger2-3.0.0.jar;C:\Users\dell\.m2\repository\io\springfox\springfox-spi\3.0.0\springfox-spi-3.0.0.jar;C:\Users\dell\.m2\repository\io\springfox\springfox-core\3.0.0\springfox-core-3.0.0.jar;C:\Users\dell\.m2\repository\io\springfox\springfox-schema\3.0.0\springfox-schema-3.0.0.jar;C:\Users\dell\.m2\repository\io\springfox\springfox-swagger-common\3.0.0\springfox-swagger-common-3.0.0.jar;C:\Users\dell\.m2\repository\io\swagger\core\v3\swagger-annotations\2.1.2\swagger-annotations-2.1.2.jar;C:\Users\dell\.m2\repository\io\springfox\springfox-spring-web\3.0.0\springfox-spring-web-3.0.0.jar;C:\Users\dell\.m2\repository\io\github\classgraph\classgraph\4.8.83\classgraph-4.8.83.jar;C:\Users\dell\.m2\repository\io\springfox\springfox-spring-webmvc\3.0.0\springfox-spring-webmvc-3.0.0.jar;C:\Users\dell\.m2\repository\io\springfox\springfox-spring-webflux\3.0.0\springfox-spring-webflux-3.0.0.jar;C:\Users\dell\.m2\repository\com\fasterxml\classmate\1.7.0\classmate-1.7.0.jar;C:\Users\dell\.m2\repository\org\slf4j\slf4j-api\2.0.16\slf4j-api-2.0.16.jar;C:\Users\dell\.m2\repository\org\springframework\plugin\spring-plugin-core\2.0.0.RELEASE\spring-plugin-core-2.0.0.RELEASE.jar;C:\Users\dell\.m2\repository\org\springframework\spring-beans\6.1.12\spring-beans-6.1.12.jar;C:\Users\dell\.m2\repository\org\springframework\spring-context\6.1.12\spring-context-6.1.12.jar;C:\Users\dell\.m2\repository\org\springframework\spring-aop\6.1.12\spring-aop-6.1.12.jar;C:\Users\dell\.m2\repository\org\springframework\plugin\spring-plugin-metadata\2.0.0.RELEASE\spring-plugin-metadata-2.0.0.RELEASE.jar;C:\Users\dell\.m2\repository\io\swagger\swagger-annotations\1.5.20\swagger-annotations-1.5.20.jar;C:\Users\dell\.m2\repository\io\swagger\swagger-models\1.5.20\swagger-models-1.5.20.jar;C:\Us
Launcher Type: SUN_STANDARD

[Global flags]
     intx CICompilerCount                          = 4                                         {product} {ergonomic}
     uint ConcGCThreads                            = 2                                         {product} {ergonomic}
     uint G1ConcRefinementThreads                  = 8                                         {product} {ergonomic}
   size_t G1HeapRegionSize                         = 1048576                                   {product} {ergonomic}
    uintx GCDrainStackTargetSize                   = 64                                        {product} {ergonomic}
   size_t InitialHeapSize                          = 130023424                                 {product} {ergonomic}
     bool ManagementServer                         = true                                      {product} {command line}
   size_t MarkStackSize                            = 4194304                                   {product} {ergonomic}
   size_t MaxHeapSize                              = 2076180480                                {product} {ergonomic}
   size_t MaxNewSize                               = 1245708288                                {product} {ergonomic}
   size_t MinHeapDeltaBytes                        = 1048576                                   {product} {ergonomic}
   size_t MinHeapSize                              = 8388608                                   {product} {ergonomic}
    uintx NonProfiledCodeHeapSize                  = 0                                      {pd product} {ergonomic}
     bool ProfileInterpreter                       = false                                  {pd product} {command line}
    uintx ProfiledCodeHeapSize                     = 0                                      {pd product} {ergonomic}
     bool ShowCodeDetailsInExceptionMessages       = true                                   {manageable} {command line}
   size_t SoftMaxHeapSize                          = 2076180480                             {manageable} {ergonomic}
     intx TieredStopAtLevel                        = 1                                         {product} {command line}
     bool UseCompressedClassPointers               = true                           {product lp64_product} {ergonomic}
     bool UseCompressedOops                        = true                           {product lp64_product} {ergonomic}
     bool UseG1GC                                  = true                                      {product} {ergonomic}
     bool UseLargePagesIndividualAllocation        = false                                  {pd product} {ergonomic}

Logging:
Log output configuration:
 #0: stdout all=warning uptime,level,tags
 #1: stderr all=off uptime,level,tags

Environment Variables:
JAVA_HOME=C:\Program Files\Java\jdk-19\bin
PATH=C:/Users/dell/Downloads/sts-4.21.0.RELEASE//plugins/org.eclipse.justj.openjdk.hotspot.jre.full.win32.x86_64_17.0.9.v20231028-0858/jre/bin/server;C:/Users/dell/Downloads/sts-4.21.0.RELEASE//plugins/org.eclipse.justj.openjdk.hotspot.jre.full.win32.x86_64_17.0.9.v20231028-0858/jre/bin;C:\WINDOWS\system32;C:\WINDOWS;C:\WINDOWS\System32\Wbem;C:\WINDOWS\System32\WindowsPowerShell\v1.0\;C:\WINDOWS\System32\OpenSSH\;C:\Program Files\dotnet\;C:\Program Files\Java\jdk-19\bin;C:\Program Files\Git\cmd;C:\Windows\System32\Wbem;C:\Program Files\Docker\Docker\resources\bin;C:\Program Files\nodejs\;C:\Program Files\MySQL\MySQL Shell 8.0\bin\;C:\Users\dell\AppData\Local\Programs\Python\Python310\Scripts\;C:\Users\dell\AppData\Local\Programs\Python\Python310\;C:\Users\dell\AppData\Local\Microsoft\WindowsApps;;C:\Users\dell\AppData\Local\Programs\Microsoft VS Code\bin;C:\Program Files\JetBrains\PyCharm Community Edition 2023.3.5\bin;;C:\Users\dell\AppData\Local\Programs\mongosh\;C:\Users\dell\AppData\Roaming\npm;C:\Users\dell\Downloads\sts-4.21.0.RELEASE;
USERNAME=dell
OS=Windows_NT
PROCESSOR_IDENTIFIER=Intel64 Family 6 Model 140 Stepping 1, GenuineIntel
TMP=C:\Users\dell\AppData\Local\Temp
TEMP=C:\Users\dell\AppData\Local\Temp



Periodic native trim disabled


---------------  S Y S T E M  ---------------

OS:
 Windows 11 , 64 bit Build 22621 (10.0.22621.3958)
OS uptime: 7 days 23:52 hours
Hyper-V role detected

CPU: total 8 (initial active 8) (4 cores per cpu, 2 threads per core) family 6 model 140 stepping 1 microcode 0xb4, cx8, cmov, fxsr, ht, mmx, 3dnowpref, sse, sse2, sse3, ssse3, sse4.1, sse4.2, popcnt, lzcnt, tsc, tscinvbit, avx, avx2, aes, erms, clmul, bmi1, bmi2, adx, avx512f, avx512dq, avx512cd, avx512bw, avx512vl, sha, fma, vzeroupper, avx512_vpopcntdq, avx512_vpclmulqdq, avx512_vaes, avx512_vnni, clflush, clflushopt, clwb, avx512_vbmi2, avx512_vbmi, hv
Processor Information for processor 0
  Max Mhz: 1382, Current Mhz: 1184, Mhz Limit: 1382
Processor Information for processor 1
  Max Mhz: 1382, Current Mhz: 1184, Mhz Limit: 1382
Processor Information for processor 2
  Max Mhz: 1382, Current Mhz: 1382, Mhz Limit: 1382
Processor Information for processor 3
  Max Mhz: 1382, Current Mhz: 1184, Mhz Limit: 1382
Processor Information for processor 4
  Max Mhz: 1382, Current Mhz: 1382, Mhz Limit: 1382
Processor Information for processor 5
  Max Mhz: 1382, Current Mhz: 1382, Mhz Limit: 1382
Processor Information for processor 6
  Max Mhz: 1382, Current Mhz: 1382, Mhz Limit: 1382
Processor Information for processor 7
  Max Mhz: 1382, Current Mhz: 1382, Mhz Limit: 1382

Memory: 4k page, system-wide physical 7914M (528M free)
TotalPageFile size 32490M (AvailPageFile size 0M)
current process WorkingSet (physical memory assigned to process): 70M, peak: 70M
current process commit charge ("private bytes"): 215M, peak: 215M

vm_info: OpenJDK 64-Bit Server VM (17.0.9+9) for windows-amd64 JRE (17.0.9+9), built on Oct 26 2023 14:01:42 by "admin" with MS VC++ 16.10 / 16.11 (VS2019)

END.
